2026-04-17 15:50:43,124 [INFO] __main__: Menu Button URL updated to https://stan.uz/clicker
2026-04-17 15:50:43,211 [INFO] __main__: Starting polling...
2026-04-17 15:50:43,212 [INFO] aiogram.dispatcher: Start polling
2026-04-17 15:50:43,302 [INFO] aiogram.dispatcher: Run polling for bot @Sfdevo_bot id=8607222669 - 'Standford - IT'
2026-04-17 15:56:27,143 [INFO] aiogram.event: Update id=806375937 is handled. Duration 288 ms by bot id=8607222669
2026-04-17 15:56:38,964 [INFO] aiogram.event: Update id=806375938 is handled. Duration 136 ms by bot id=8607222669
2026-04-17 16:00:23,297 [INFO] aiogram.event: Update id=806375939 is handled. Duration 117 ms by bot id=8607222669
2026-04-17 16:00:28,572 [INFO] aiogram.event: Update id=806375940 is not handled. Duration 0 ms by bot id=8607222669
2026-04-17 16:00:38,102 [INFO] aiogram.event: Update id=806375941 is handled. Duration 125 ms by bot id=8607222669
2026-04-17 16:05:07,103 [INFO] aiogram.event: Update id=806375942 is handled. Duration 421 ms by bot id=8607222669
2026-04-20 14:44:28,337 [INFO] __main__: Menu Button URL updated to https://nonrepresentatively-weldless-otha.ngrok-free.dev/clicker
2026-04-20 14:44:28,434 [INFO] __main__: Starting polling...
2026-04-20 14:44:28,435 [INFO] aiogram.dispatcher: Start polling
2026-04-20 14:44:28,540 [INFO] aiogram.dispatcher: Run polling for bot @Sfdevo_bot id=8607222669 - 'Standford - IT'
2026-04-20 14:45:06,092 [INFO] aiogram.event: Update id=806375945 is not handled. Duration 1 ms by bot id=8607222669
2026-04-20 14:45:11,572 [INFO] aiogram.event: Update id=806375946 is handled. Duration 360 ms by bot id=8607222669
2026-04-20 14:45:21,183 [INFO] aiogram.event: Update id=806375947 is handled. Duration 148 ms by bot id=8607222669
2026-04-20 14:45:45,911 [INFO] aiogram.event: Update id=806375948 is handled. Duration 108 ms by bot id=8607222669
2026-04-20 14:46:04,694 [INFO] aiogram.event: Update id=806375949 is handled. Duration 306 ms by bot id=8607222669
2026-04-20 14:46:13,703 [INFO] aiogram.event: Update id=806375950 is handled. Duration 125 ms by bot id=8607222669
2026-04-20 14:46:29,977 [INFO] aiogram.event: Update id=806375951 is handled. Duration 119 ms by bot id=8607222669
2026-04-20 14:46:46,048 [INFO] aiogram.event: Update id=806375952 is handled. Duration 124 ms by bot id=8607222669
2026-04-20 14:49:13,020 [INFO] aiogram.event: Update id=806375953 is handled. Duration 113 ms by bot id=8607222669
2026-04-20 14:50:13,635 [INFO] aiogram.event: Update id=806375954 is handled. Duration 116 ms by bot id=8607222669
2026-04-20 14:51:55,896 [INFO] aiogram.dispatcher: Polling stopped
2026-04-20 14:51:55,900 [ERROR] aiogram.dispatcher: Failed to fetch updates - TelegramNetworkError: HTTP Client says - ServerDisconnectedError: Server disconnected
2026-04-20 14:51:55,901 [WARNING] aiogram.dispatcher: Sleep for 1.000000 seconds and try again... (tryings = 0, bot id = 8607222669)
2026-04-20 14:51:56,154 [INFO] aiogram.dispatcher: Polling stopped for bot @Sfdevo_bot id=8607222669 - 'Standford - IT'
2026-04-20 14:51:56,155 [INFO] __main__: Bot stopped by user (KeyboardInterrupt)
2026-04-20 14:57:01,876 [INFO] __main__: Menu Button URL updated to https://nonrepresentatively-weldless-otha.ngrok-free.dev/clicker
2026-04-20 14:57:01,963 [INFO] __main__: Starting polling...
2026-04-20 14:57:01,964 [INFO] aiogram.dispatcher: Start polling
2026-04-20 14:57:02,055 [INFO] aiogram.dispatcher: Run polling for bot @Sfdevo_bot id=8607222669 - 'Standford - IT'
2026-04-20 14:57:08,039 [INFO] aiogram.event: Update id=806375965 is handled. Duration 315 ms by bot id=8607222669
2026-04-20 15:08:42,994 [INFO] aiogram.event: Update id=806375966 is handled. Duration 116 ms by bot id=8607222669
2026-04-20 15:08:54,629 [INFO] aiogram.event: Update id=806375967 is handled. Duration 159 ms by bot id=8607222669
2026-04-20 15:11:26,043 [INFO] aiogram.dispatcher: Polling stopped
2026-04-20 15:11:26,046 [ERROR] aiogram.dispatcher: Failed to fetch updates - TelegramNetworkError: HTTP Client says - ServerDisconnectedError: Server disconnected
2026-04-20 15:11:26,046 [WARNING] aiogram.dispatcher: Sleep for 1.000000 seconds and try again... (tryings = 0, bot id = 8607222669)
2026-04-20 15:11:26,307 [INFO] aiogram.dispatcher: Polling stopped for bot @Sfdevo_bot id=8607222669 - 'Standford - IT'
2026-04-20 15:11:26,311 [INFO] __main__: Bot stopped by user (KeyboardInterrupt)
2026-04-20 15:12:06,562 [INFO] __main__: Menu Button URL updated to https://nonrepresentatively-weldless-otha.ngrok-free.dev/clicker
2026-04-20 15:12:06,659 [INFO] __main__: Starting polling...
2026-04-20 15:12:06,660 [INFO] aiogram.dispatcher: Start polling
2026-04-20 15:12:06,762 [INFO] aiogram.dispatcher: Run polling for bot @Sfdevo_bot id=8607222669 - 'Standford - IT'
2026-04-20 15:12:16,101 [INFO] aiogram.event: Update id=806375970 is handled. Duration 339 ms by bot id=8607222669
2026-04-20 15:14:05,927 [INFO] aiogram.dispatcher: Polling stopped
2026-04-20 15:14:05,930 [ERROR] aiogram.dispatcher: Failed to fetch updates - TelegramNetworkError: HTTP Client says - ServerDisconnectedError: Server disconnected
2026-04-20 15:14:05,931 [WARNING] aiogram.dispatcher: Sleep for 1.000000 seconds and try again... (tryings = 0, bot id = 8607222669)
2026-04-20 15:14:06,190 [INFO] aiogram.dispatcher: Polling stopped for bot @Sfdevo_bot id=8607222669 - 'Standford - IT'
2026-04-20 15:14:06,193 [INFO] __main__: Bot stopped by user (KeyboardInterrupt)
2026-04-20 15:15:06,230 [INFO] __main__: Menu Button URL updated to https://nonrepresentatively-weldless-otha.ngrok-free.dev/clicker
2026-04-20 15:15:06,332 [INFO] __main__: Starting polling...
2026-04-20 15:15:06,332 [INFO] aiogram.dispatcher: Start polling
2026-04-20 15:15:06,433 [INFO] aiogram.dispatcher: Run polling for bot @Sfdevo_bot id=8607222669 - 'Standford - IT'
2026-04-20 15:15:13,556 [INFO] aiogram.event: Update id=806375972 is handled. Duration 331 ms by bot id=8607222669
2026-04-20 15:18:39,642 [INFO] aiogram.event: Update id=806375973 is handled. Duration 154 ms by bot id=8607222669
2026-04-20 15:20:04,672 [INFO] aiogram.event: Update id=806375974 is handled. Duration 123 ms by bot id=8607222669
2026-04-20 15:25:29,391 [INFO] aiogram.dispatcher: Polling stopped
2026-04-20 15:25:29,393 [ERROR] aiogram.dispatcher: Failed to fetch updates - TelegramNetworkError: HTTP Client says - ServerDisconnectedError: Server disconnected
2026-04-20 15:25:29,394 [WARNING] aiogram.dispatcher: Sleep for 1.000000 seconds and try again... (tryings = 0, bot id = 8607222669)
2026-04-20 15:25:29,648 [INFO] aiogram.dispatcher: Polling stopped for bot @Sfdevo_bot id=8607222669 - 'Standford - IT'
2026-04-20 15:25:29,651 [INFO] __main__: Bot stopped by user (KeyboardInterrupt)
2026-04-20 15:26:27,442 [INFO] __main__: Menu Button URL updated to https://nonrepresentatively-weldless-otha.ngrok-free.dev/clicker
2026-04-20 15:26:27,529 [INFO] __main__: Starting polling...
2026-04-20 15:26:27,530 [INFO] aiogram.dispatcher: Start polling
2026-04-20 15:26:27,619 [INFO] aiogram.dispatcher: Run polling for bot @Sfdevo_bot id=8607222669 - 'Standford - IT'
2026-04-20 15:26:29,813 [INFO] aiogram.event: Update id=806375977 is handled. Duration 341 ms by bot id=8607222669
2026-04-20 15:37:15,879 [INFO] aiogram.dispatcher: Polling stopped
2026-04-20 15:37:15,880 [ERROR] aiogram.dispatcher: Failed to fetch updates - TelegramNetworkError: HTTP Client says - ServerDisconnectedError: Server disconnected
2026-04-20 15:37:15,881 [WARNING] aiogram.dispatcher: Sleep for 1.000000 seconds and try again... (tryings = 0, bot id = 8607222669)
2026-04-20 15:37:16,145 [INFO] aiogram.dispatcher: Polling stopped for bot @Sfdevo_bot id=8607222669 - 'Standford - IT'
2026-04-20 15:37:16,148 [INFO] __main__: Bot stopped by user (KeyboardInterrupt)
2026-04-20 15:38:53,517 [INFO] __main__: Menu Button URL updated to https://nonrepresentatively-weldless-otha.ngrok-free.dev/clicker
2026-04-20 15:38:53,612 [INFO] __main__: Starting polling...
2026-04-20 15:38:53,613 [INFO] aiogram.dispatcher: Start polling
2026-04-20 15:38:53,711 [INFO] aiogram.dispatcher: Run polling for bot @Sfdevo_bot id=8607222669 - 'Standford - IT'
2026-04-20 15:38:59,035 [INFO] aiogram.event: Update id=806375980 is handled. Duration 332 ms by bot id=8607222669
2026-04-20 15:39:32,668 [INFO] aiogram.dispatcher: Polling stopped
2026-04-20 15:39:32,670 [ERROR] aiogram.dispatcher: Failed to fetch updates - TelegramNetworkError: HTTP Client says - ServerDisconnectedError: Server disconnected
2026-04-20 15:39:32,671 [WARNING] aiogram.dispatcher: Sleep for 1.000000 seconds and try again... (tryings = 0, bot id = 8607222669)
2026-04-20 15:39:32,926 [INFO] aiogram.dispatcher: Polling stopped for bot @Sfdevo_bot id=8607222669 - 'Standford - IT'
2026-04-20 15:39:32,929 [INFO] __main__: Bot stopped by user (KeyboardInterrupt)
2026-04-20 15:40:12,033 [INFO] __main__: Menu Button URL updated to https://nonrepresentatively-weldless-otha.ngrok-free.dev/clicker
2026-04-20 15:40:12,123 [INFO] __main__: Starting polling...
2026-04-20 15:40:12,124 [INFO] aiogram.dispatcher: Start polling
2026-04-20 15:40:12,215 [INFO] aiogram.dispatcher: Run polling for bot @Sfdevo_bot id=8607222669 - 'Standford - IT'
2026-04-20 15:40:41,277 [INFO] aiogram.event: Update id=806375983 is handled. Duration 342 ms by bot id=8607222669
2026-04-20 15:43:34,127 [INFO] aiogram.dispatcher: Polling stopped
2026-04-20 15:43:34,130 [ERROR] aiogram.dispatcher: Failed to fetch updates - TelegramNetworkError: HTTP Client says - ServerDisconnectedError: Server disconnected
2026-04-20 15:43:34,130 [WARNING] aiogram.dispatcher: Sleep for 1.000000 seconds and try again... (tryings = 0, bot id = 8607222669)
2026-04-20 15:43:34,395 [INFO] aiogram.dispatcher: Polling stopped for bot @Sfdevo_bot id=8607222669 - 'Standford - IT'
2026-04-20 15:43:34,398 [INFO] __main__: Bot stopped by user (KeyboardInterrupt)
2026-04-20 16:01:07,699 [INFO] __main__: Menu Button URL updated to https://nonrepresentatively-weldless-otha.ngrok-free.dev/clicker
2026-04-20 16:01:07,792 [INFO] __main__: Starting polling...
2026-04-20 16:01:07,794 [INFO] aiogram.dispatcher: Start polling
2026-04-20 16:01:07,888 [INFO] aiogram.dispatcher: Run polling for bot @Sfdevo_bot id=8607222669 - 'Standford - IT'
2026-04-20 16:01:08,513 [INFO] aiogram.event: Update id=806375987 is handled. Duration 340 ms by bot id=8607222669
2026-04-24 15:16:42,463 [INFO] __main__: Menu Button URL updated to https://nonrepresentatively-weldless-otha.ngrok-free.dev/clicker
2026-04-24 15:16:42,549 [INFO] __main__: Starting polling...
2026-04-24 15:16:42,549 [INFO] aiogram.dispatcher: Start polling
2026-04-24 15:16:42,637 [INFO] aiogram.dispatcher: Run polling for bot @Sfdevo_bot id=8607222669 - 'Standford - IT'
2026-04-24 15:19:00,948 [INFO] aiogram.dispatcher: Polling stopped
2026-04-24 15:19:00,951 [ERROR] aiogram.dispatcher: Failed to fetch updates - TelegramNetworkError: HTTP Client says - ServerDisconnectedError: Server disconnected
2026-04-24 15:19:00,951 [WARNING] aiogram.dispatcher: Sleep for 1.000000 seconds and try again... (tryings = 0, bot id = 8607222669)
2026-04-24 15:19:01,204 [INFO] aiogram.dispatcher: Polling stopped for bot @Sfdevo_bot id=8607222669 - 'Standford - IT'
2026-04-24 15:19:01,205 [INFO] __main__: Bot stopped by user (KeyboardInterrupt)
2026-04-24 15:20:08,658 [INFO] __main__: Menu Button URL updated to https://stan.uz/clicker
2026-04-24 15:20:08,745 [INFO] __main__: Starting polling...
2026-04-24 15:20:08,745 [INFO] aiogram.dispatcher: Start polling
2026-04-24 15:20:08,832 [INFO] aiogram.dispatcher: Run polling for bot @Sfdevo_bot id=8607222669 - 'Standford - IT'
2026-04-24 15:20:14,546 [INFO] aiogram.event: Update id=806375991 is handled. Duration 339 ms by bot id=8607222669
2026-04-24 15:20:20,172 [INFO] aiogram.dispatcher: Polling stopped
2026-04-24 15:20:20,173 [ERROR] aiogram.dispatcher: Failed to fetch updates - TelegramNetworkError: HTTP Client says - ServerDisconnectedError: Server disconnected
2026-04-24 15:20:20,173 [WARNING] aiogram.dispatcher: Sleep for 1.000000 seconds and try again... (tryings = 0, bot id = 8607222669)
2026-04-24 15:20:20,436 [INFO] aiogram.dispatcher: Polling stopped for bot @Sfdevo_bot id=8607222669 - 'Standford - IT'
2026-04-24 15:20:20,438 [INFO] __main__: Bot stopped by user (KeyboardInterrupt)
2026-04-24 15:35:49,785 [INFO] __main__: Menu Button URL updated to https://stan.uz/clicker
2026-04-24 15:35:49,888 [INFO] __main__: Starting polling...
2026-04-24 15:35:49,889 [INFO] aiogram.dispatcher: Start polling
2026-04-24 15:35:49,998 [INFO] aiogram.dispatcher: Run polling for bot @Sfdevo_bot id=8607222669 - 'Standford - IT'
2026-04-24 15:35:51,178 [INFO] aiogram.event: Update id=806375994 is handled. Duration 311 ms by bot id=8607222669
2026-04-24 15:35:53,214 [INFO] aiogram.event: Update id=806375995 is handled. Duration 145 ms by bot id=8607222669
